<?xml version="1.0" encoding="utf-8"?><testsuites name="pytest tests"><testsuite name="pytest" errors="0" failures="0" skipped="1" tests="29" time="60.295" timestamp="2026-07-04T22:47:32.329422+00:00" hostname="agent-env-15df2fbb-beae-4925-8913-87740687028c"><testcase classname="tests.test_8pi_backend" name="test_health" time="0.229" /><testcase classname="tests.test_8pi_backend" name="test_auth_required" time="0.007" /><testcase classname="tests.test_8pi_backend" name="test_auth_bad_password_locks_out" time="0.011" /><testcase classname="tests.test_8pi_backend" name="test_health_endpoint" time="0.001" /><testcase classname="tests.test_8pi_backend" name="test_readiness_endpoint" time="0.001" /><testcase classname="tests.test_8pi_backend" name="test_attack_path_endpoint" time="0.023" /><testcase classname="tests.test_8pi_backend" name="test_attack_path_ecosystem_payload" time="0.006" /><testcase classname="tests.test_8pi_backend" name="test_attack_path_stream_mentions_layer" time="27.185" /><testcase classname="tests.test_8pi_backend" name="test_attack_path_stream" time="25.470" /><testcase classname="tests.test_8pi_backend" name="test_stats" time="0.006" /><testcase classname="tests.test_8pi_backend" name="test_engagement_lifecycle" time="0.024" /><testcase classname="tests.test_8pi_backend" name="test_audit_chain" time="0.012" /><testcase classname="tests.test_8pi_backend" name="test_tool_scope_in_and_out" time="0.218" /><testcase classname="tests.test_8pi_backend" name="test_licensed_tools_451" time="0.004" /><testcase classname="tests.test_8pi_backend" name="test_model_routes" time="0.001" /><testcase classname="tests.test_8pi_backend" name="test_model_infer_hosted" time="0.862" /><testcase classname="tests.test_8pi_backend" name="test_model_infer_sensitive_pinned_local" time="0.003" /><testcase classname="tests.test_8pi_backend" name="test_model_openmythos_501" time="0.002" /><testcase classname="tests.test_8pi_backend" name="test_model_calls_list" time="0.003" /><testcase classname="tests.test_8pi_backend" name="test_sensing_and_threat" time="0.006" /><testcase classname="tests.test_8pi_backend" name="test_vuln_scan_and_findings" time="0.031" /><testcase classname="tests.test_8pi_backend" name="test_vuln_loop_close" time="0.012" /><testcase classname="tests.test_8pi_backend" name="test_agents_list" time="0.003" /><testcase classname="tests.test_8pi_backend" name="test_dev_agent_cannot_run" time="0.005" /><testcase classname="tests.test_8pi_backend" name="test_promote_requires_sandbox_pass" time="0.011" /><testcase classname="tests.test_8pi_backend" name="test_offensive_run_and_approval" time="5.748" /><testcase classname="tests.test_8pi_backend" name="test_approve_rbac_forbidden_for_operator" time="0.262"><skipped type="pytest.skip" message="no pending approvals to test RBAC on">/app/backend/tests/test_8pi_backend.py:466: no pending approvals to test RBAC on</skipped></testcase><testcase classname="tests.test_8pi_backend" name="test_kill_switch" time="0.016" /><testcase classname="tests.test_8pi_backend" name="test_reports" time="0.067" /></testsuite></testsuites>