<?xml version="1.0" encoding="utf-8"?><testsuites name="pytest tests"><testsuite name="pytest" errors="0" failures="0" skipped="0" tests="13" time="8.996" timestamp="2026-07-05T02:08:43.992592+00:00" hostname="agent-env-632b6084-ebd9-4dc7-8217-17df94cd1852"><testcase classname="backend.tests.test_model_gateway_regression" name="test_auth_required_on_protected" time="0.819" /><testcase classname="backend.tests.test_model_gateway_regression" name="test_infer_reason_routes_hosted" time="2.486" /><testcase classname="backend.tests.test_model_gateway_regression" name="test_infer_sensitive_pinned_local" time="0.003" /><testcase classname="backend.tests.test_model_gateway_regression" name="test_calls_records_iso_ts" time="0.005" /><testcase classname="backend.tests.test_model_gateway_regression" name="test_routes_endpoint" time="0.002" /><testcase classname="backend.tests.test_red_scope_and_archive" name="test_red_scope_feed" time="0.231" /><testcase classname="backend.tests.test_red_scope_and_archive" name="test_red_scope_requires_auth" time="0.002" /><testcase classname="backend.tests.test_red_scope_and_archive" name="test_red_scope_chat_produces_draft" time="5.306" /><testcase classname="backend.tests.test_red_scope_and_archive" name="test_red_scope_save_agent_and_persist" time="0.007" /><testcase classname="backend.tests.test_red_scope_and_archive" name="test_red_scope_save_sanitizes_bad_input" time="0.003" /><testcase classname="backend.tests.test_red_scope_and_archive" name="test_archive_hides_by_default_and_include_archived_shows_it" time="0.029" /><testcase classname="backend.tests.test_red_scope_and_archive" name="test_dogfood_still_pinned_and_unarchived" time="0.007" /><testcase classname="backend.tests.test_red_scope_and_archive" name="test_create_agent_core_via_public_api" time="0.003" /></testsuite></testsuites>