<?xml version="1.0" encoding="utf-8"?><testsuites name="pytest tests"><testsuite name="pytest" errors="0" failures="0" skipped="0" tests="8" time="8.422" timestamp="2026-07-05T01:21:03.658009+00:00" hostname="agent-env-632b6084-ebd9-4dc7-8217-17df94cd1852"><testcase classname="backend.tests.test_red_eye_and_archive" name="test_red_eye_feed" time="1.073" /><testcase classname="backend.tests.test_red_eye_and_archive" name="test_red_eye_requires_auth" time="0.002" /><testcase classname="backend.tests.test_red_eye_and_archive" name="test_red_eye_chat_produces_draft" time="7.168" /><testcase classname="backend.tests.test_red_eye_and_archive" name="test_red_eye_save_agent_and_persist" time="0.006" /><testcase classname="backend.tests.test_red_eye_and_archive" name="test_red_eye_save_sanitizes_bad_input" time="0.004" /><testcase classname="backend.tests.test_red_eye_and_archive" name="test_archive_hides_by_default_and_include_archived_shows_it" time="0.066" /><testcase classname="backend.tests.test_red_eye_and_archive" name="test_dogfood_still_pinned_and_unarchived" time="0.021" /><testcase classname="backend.tests.test_red_eye_and_archive" name="test_create_agent_core_via_public_api" time="0.003" /></testsuite></testsuites>